['test_data/c108.txt', 'test_data/c203.txt', 'test_data/c249.txt', 'test_data/c266.txt', 'test_data/r146.txt', 'test_data/r168.txt', 'test_data/r202.txt', 'test_data/rc105.txt', 'test_data/rc148.txt', 'test_data/rc207.txt']
----------------------------------------------------------------------------------------------------
File: c108.txt
O = 3380.9928749206647
O* so far: 2273.187933777189
O* = 1616.8737840880606
All served? True
Everything satisfied? True
----- PERFORMANCE -----
GLS took 26.467509031295776 seconds
----------------------------------------------------------------------------------------------------
----------------------------------------------------------------------------------------------------
File: c203.txt
O = 2414.499455099148
O* so far: 1598.7280384387002
O* = 1021.7140114782339
All served? True
Everything satisfied? True
----- PERFORMANCE -----
GLS took 34.55355405807495 seconds
----------------------------------------------------------------------------------------------------
----------------------------------------------------------------------------------------------------
File: c249.txt
O = 33695.646415954994
O* so far: 16497.01699882511
O* so far: 6439.06140947781
O* = 6426.541450718296
All served? True
Everything satisfied? True
----- PERFORMANCE -----
GLS took 1552.688853263855 seconds
----------------------------------------------------------------------------------------------------
----------------------------------------------------------------------------------------------------
File: c266.txt
O = 81587.97441820681
O* so far: 38430.47804088179
O* so far: 15905.799056168788
O* = 15901.946555017765
All served? True
Everything satisfied? True
----- PERFORMANCE -----
GLS took 4660.6725606918335 seconds
----------------------------------------------------------------------------------------------------
----------------------------------------------------------------------------------------------------
File: r146.txt
O = 36844.52855265554
O* so far: 19306.21011592538
O* so far: 11748.854589402452
O* = 11721.858620405932
All served? True
Everything satisfied? True
----- PERFORMANCE -----
GLS took 1299.4732060432434 seconds
----------------------------------------------------------------------------------------------------
----------------------------------------------------------------------------------------------------
File: r168.txt
O = 95015.3188744566
O* so far: 43543.6936431363
O* so far: 22683.531288510658
O* = 22446.27464735282
All served? True
Everything satisfied? True
----- PERFORMANCE -----
GLS took 4855.21449303627 seconds
----------------------------------------------------------------------------------------------------
----------------------------------------------------------------------------------------------------
File: r202.txt
O = 3603.0780579345283
O* so far: 1958.9782810244362
O* = 1192.918538851216
All served? True
Everything satisfied? True
----- PERFORMANCE -----
GLS took 42.53467392921448 seconds
----------------------------------------------------------------------------------------------------
----------------------------------------------------------------------------------------------------
File: rc105.txt
O = 3677.4511642618404
O* so far: 2283.5501458858553
O* = 1726.8844087789898
All served? True
Everything satisfied? True
----- PERFORMANCE -----
GLS took 15.4726243019104 seconds
----------------------------------------------------------------------------------------------------
----------------------------------------------------------------------------------------------------
File: rc148.txt
O = 29244.866695543467
O* so far: 17429.477245056678
O* = 10972.136655906239
All served? True
Everything satisfied? True
----- PERFORMANCE -----
GLS took 1042.96071767807 seconds
----------------------------------------------------------------------------------------------------
----------------------------------------------------------------------------------------------------
File: rc207.txt
O = 3471.840225956719
O* so far: 1991.1226027328398
O* so far: 1296.814278291381
O* = 1257.5207190251035
All served? True
Everything satisfied? True
----- PERFORMANCE -----
GLS took 52.36381959915161 seconds
----------------------------------------------------------------------------------------------------
