['_problems/20x20.txt', '_problems/24x40.txt', '_problems/30x50.txt', '_problems/30x90.txt', '_problems/37x53.txt']
----------------------------------------------------------------------------------------------------
File: 20x20.txt
O* so far: 0.2775
-- Timeout reached --
O* = 0.3870967741935483870967741935
Number of clusters: 5
All satisfied? True
----- PERFORMANCE -----
VNS took 4514.144544839859 seconds
----------------------------------------------------------------------------------------------------
----------------------------------------------------------------------------------------------------
File: 24x40.txt
O* so far: 0.1354166666666666666666666667
-- Timeout reached --
O* = 0.3632653061224489795918367347
Number of clusters: 5
All satisfied? True
----- PERFORMANCE -----
VNS took 4518.843740701675 seconds
----------------------------------------------------------------------------------------------------
----------------------------------------------------------------------------------------------------
File: 30x50.txt
O* so far: 0.1113333333333333333333333333
-- Timeout reached --
O* = 0.3373493975903614457831325301
Number of clusters: 6
All satisfied? True
----- PERFORMANCE -----
VNS took 4533.775233745575 seconds
----------------------------------------------------------------------------------------------------
----------------------------------------------------------------------------------------------------
File: 30x90.txt
O* so far: 0.1118518518518518518518518519
-- Timeout reached --
O* = 0.2125813449023861171366594360
Number of clusters: 3
All satisfied? True
----- PERFORMANCE -----
VNS took 5391.8321986198425 seconds
----------------------------------------------------------------------------------------------------
----------------------------------------------------------------------------------------------------
File: 37x53.txt
O* so far: 0.4982151963284038755736868944
-- Timeout reached --
O* = 0.5374420145791915175612988734
Number of clusters: 4
All satisfied? True
----- PERFORMANCE -----
VNS took 4694.459867954254 seconds
----------------------------------------------------------------------------------------------------
