['_problems/20x20.txt', '_problems/24x40.txt', '_problems/30x50.txt', '_problems/30x90.txt', '_problems/37x53.txt']
----------------------------------------------------------------------------------------------------
File: 20x20.txt
O* so far: 0.2775
O* = 0.3870967741935483870967741935
Number of clusters: 5
All satisfied? True
----- PERFORMANCE -----
VNS took 477.3227903842926 seconds
----------------------------------------------------------------------------------------------------
----------------------------------------------------------------------------------------------------
File: 24x40.txt
O* so far: 0.1354166666666666666666666667
O* = 0.3250883392226148409893992933
Number of clusters: 4
All satisfied? True
----- PERFORMANCE -----
VNS took 1227.886790752411 seconds
----------------------------------------------------------------------------------------------------
----------------------------------------------------------------------------------------------------
File: 30x50.txt
O* so far: 0.1113333333333333333333333333
O* = 0.3274336283185840707964601770
Number of clusters: 6
All satisfied? True
----- PERFORMANCE -----
VNS took 2345.2560691833496 seconds
----------------------------------------------------------------------------------------------------
----------------------------------------------------------------------------------------------------
File: 30x90.txt
O* so far: 0.1118518518518518518518518519
-- Timeout reached --
O* = 0.2585751978891820580474934037
Number of clusters: 7
All satisfied? True
----- PERFORMANCE -----
VNS took 4518.115485668182 seconds
----------------------------------------------------------------------------------------------------
----------------------------------------------------------------------------------------------------
File: 37x53.txt
O* so far: 0.4982151963284038755736868944
-- Timeout reached --
O* = 0.5374420145791915175612988734
Number of clusters: 4
All satisfied? True
----- PERFORMANCE -----
VNS took 4522.866386651993 seconds
----------------------------------------------------------------------------------------------------
