['_problems/20x20.txt', '_problems/24x40.txt', '_problems/30x50.txt', '_problems/30x90.txt', '_problems/37x53.txt']
----------------------------------------------------------------------------------------------------
File: 20x20.txt
O* so far: 0.2775
O* = 0.3888888888888888888888888889
Number of clusters: 4
All satisfied? True
----- PERFORMANCE -----
VNS took 1182.13054561615 seconds
----------------------------------------------------------------------------------------------------
----------------------------------------------------------------------------------------------------
File: 24x40.txt
O* so far: 0.1354166666666666666666666667
O* = 0.3309608540925266903914590747
Number of clusters: 4
All satisfied? True
----- PERFORMANCE -----
VNS took 1859.4027304649353 seconds
----------------------------------------------------------------------------------------------------
----------------------------------------------------------------------------------------------------
File: 30x50.txt
O* so far: 0.1113333333333333333333333333
O* = 0.3116531165311653116531165312
Number of clusters: 5
All satisfied? True
----- PERFORMANCE -----
VNS took 116.45086407661438 seconds
----------------------------------------------------------------------------------------------------
----------------------------------------------------------------------------------------------------
File: 30x90.txt
