['_problems/20x20.txt', '_problems/24x40.txt', '_problems/30x50.txt', '_problems/30x90.txt', '_problems/37x53.txt']
----------------------------------------------------------------------------------------------------
File: 20x20.txt
O* so far: 0.2775
O* = 0.4024390243902439024390243902
Number of clusters: 5
All satisfied? True
----- PERFORMANCE -----
VNS took 1319.106375694275 seconds
----------------------------------------------------------------------------------------------------
----------------------------------------------------------------------------------------------------
File: 24x40.txt
O* so far: 0.1354166666666666666666666667
O* = 0.3514644351464435146443514644
Number of clusters: 6
All satisfied? True
----- PERFORMANCE -----
VNS took 2404.577404975891 seconds
----------------------------------------------------------------------------------------------------
----------------------------------------------------------------------------------------------------
File: 30x50.txt
O* so far: 0.1113333333333333333333333333
-- Timeout reached --
O* = 0.2790123456790123456790123457
Number of clusters: 5
All satisfied? True
----- PERFORMANCE -----
VNS took 3634.204614162445 seconds
----------------------------------------------------------------------------------------------------
----------------------------------------------------------------------------------------------------
File: 30x90.txt
O* so far: 0.1118518518518518518518518519
O* = 0.2732474964234620886981402003
Number of clusters: 10
All satisfied? True
----- PERFORMANCE -----
VNS took 1673.5007302761078 seconds
----------------------------------------------------------------------------------------------------
----------------------------------------------------------------------------------------------------
File: 37x53.txt
O* so far: 0.4982151963284038755736868944
-- Timeout reached --
O* = 0.5374420145791915175612988734
Number of clusters: 4
All satisfied? True
----- PERFORMANCE -----
VNS took 3910.550589323044 seconds
----------------------------------------------------------------------------------------------------
