['_problems/20x20.txt', '_problems/24x40.txt', '_problems/30x50.txt', '_problems/30x90.txt', '_problems/37x53.txt']
----------------------------------------------------------------------------------------------------
File: 20x20.txt
O* so far: 0.2775
O* = 0.4024390243902439024390243902
Number of clusters: 5
All satisfied? True
----- PERFORMANCE -----
VNS took 13.545551061630249 seconds
----------------------------------------------------------------------------------------------------
----------------------------------------------------------------------------------------------------
File: 24x40.txt
O* so far: 0.1354166666666666666666666667
O* = 0.3441295546558704453441295547
Number of clusters: 5
All satisfied? True
----- PERFORMANCE -----
VNS took 43.84331393241882 seconds
----------------------------------------------------------------------------------------------------
----------------------------------------------------------------------------------------------------
File: 30x50.txt
O* so far: 0.1113333333333333333333333333
O* = 0.3029411764705882352941176471
Number of clusters: 9
All satisfied? True
----- PERFORMANCE -----
VNS took 84.84135818481445 seconds
----------------------------------------------------------------------------------------------------
----------------------------------------------------------------------------------------------------
File: 30x90.txt
O* so far: 0.1118518518518518518518518519
O* = 0.2720694645441389290882778582
Number of clusters: 10
All satisfied? True
----- PERFORMANCE -----
VNS took 298.19499015808105 seconds
----------------------------------------------------------------------------------------------------
----------------------------------------------------------------------------------------------------
File: 37x53.txt
O* so far: 0.4982151963284038755736868944
O* = 0.5374420145791915175612988734
Number of clusters: 4
All satisfied? True
----- PERFORMANCE -----
VNS took 556.210681438446 seconds
----------------------------------------------------------------------------------------------------
