['test_data/c108.txt', 'test_data/c203.txt', 'test_data/r202.txt', 'test_data/rc207.txt']
----------------------------------------------------------------------------------------------------
File: c108.txt
O = 3873.680602183477
O* so far: 3873.680602183477
O* = 1459.1362945332062
All served? True
Everything satisfied? True
----- PERFORMANCE -----
GLS took 115.44229793548584 seconds
----------------------------------------------------------------------------------------------------
----------------------------------------------------------------------------------------------------
File: c203.txt
O = 2866.6771252721005
O* so far: 2866.6771252721005
O* = 1308.5981955995524
All served? True
Everything satisfied? True
----- PERFORMANCE -----
GLS took 108.69730043411255 seconds
----------------------------------------------------------------------------------------------------
----------------------------------------------------------------------------------------------------
File: r202.txt
O = 3694.22115327672
O* so far: 3694.22115327672
O* = 1397.593487483614
All served? True
Everything satisfied? True
----- PERFORMANCE -----
GLS took 98.60621166229248 seconds
----------------------------------------------------------------------------------------------------
----------------------------------------------------------------------------------------------------
File: rc207.txt
O = 4149.538580271357
O* so far: 4149.538580271357
O* = 1531.842030985486
All served? True
Everything satisfied? True
----- PERFORMANCE -----
GLS took 86.84758019447327 seconds
----------------------------------------------------------------------------------------------------
