['test_data/c108.txt', 'test_data/c203.txt', 'test_data/r202.txt', 'test_data/rc207.txt']
----------------------------------------------------------------------------------------------------
File: c108.txt
O = 3873.680602183477
O* so far: 3873.680602183477
O* = 1281.26690223255
All served? True
Everything satisfied? True
----- PERFORMANCE -----
ILS took 102.11617827415466 seconds
----------------------------------------------------------------------------------------------------
----------------------------------------------------------------------------------------------------
File: c203.txt
O = 2866.6771252721005
O* so far: 2866.6771252721005
O* = 1159.8251435351272
All served? True
Everything satisfied? True
----- PERFORMANCE -----
ILS took 53.54236555099487 seconds
----------------------------------------------------------------------------------------------------
----------------------------------------------------------------------------------------------------
File: r202.txt
O = 3694.22115327672
O* so far: 3694.22115327672
O* = 1321.4751669751497
All served? True
Everything satisfied? True
----- PERFORMANCE -----
ILS took 1369.5087814331055 seconds
----------------------------------------------------------------------------------------------------
----------------------------------------------------------------------------------------------------
File: rc207.txt
O = 4149.538580271357
O* so far: 4149.538580271357
O* = 1220.6615682175097
All served? True
Everything satisfied? True
----- PERFORMANCE -----
ILS took 325.0217750072479 seconds
----------------------------------------------------------------------------------------------------
