['_problems/tai100a', '_problems/tai20a', '_problems/tai40a', '_problems/tai60a', '_problems/tai80a']
----------------------------------------------------------------------------------------------------
File: tai100a.txt
So far O* = 23885450
So far O* = 22917008
So far O* = 22917008
So far O* = 22498938
So far O* = 22498938
O* = 22019792
All satisfied? False
----- PERFORMANCE -----
GA took 271.0996825695038 seconds
----------------------------------------------------------------------------------------------------
----------------------------------------------------------------------------------------------------
File: tai20a.txt
So far O* = 844640
So far O* = 557178
So far O* = 506036
So far O* = 506036
So far O* = 506036
O* = 506036
All satisfied? False
----- PERFORMANCE -----
GA took 20.949522972106934 seconds
----------------------------------------------------------------------------------------------------
----------------------------------------------------------------------------------------------------
File: tai40a.txt
So far O* = 3670466
So far O* = 3213452
So far O* = 3201654
So far O* = 3201654
So far O* = 3201654
O* = 3201654
All satisfied? False
----- PERFORMANCE -----
GA took 58.926294803619385 seconds
----------------------------------------------------------------------------------------------------
----------------------------------------------------------------------------------------------------
File: tai60a.txt
So far O* = 8363406
So far O* = 7740064
So far O* = 7575018
So far O* = 7575018
So far O* = 7575018
O* = 7575018
All satisfied? False
----- PERFORMANCE -----
GA took 113.09659910202026 seconds
----------------------------------------------------------------------------------------------------
----------------------------------------------------------------------------------------------------
File: tai80a.txt
So far O* = 15356710
So far O* = 14415528
So far O* = 14415528
So far O* = 14415528
So far O* = 14415528
O* = 14415528
All satisfied? False
----- PERFORMANCE -----
GA took 182.68619894981384 seconds
----------------------------------------------------------------------------------------------------
