['test_data/c108.txt', 'test_data/c203.txt', 'test_data/c249.txt', 'test_data/c266.txt', 'test_data/r146.txt', 'test_data/r168.txt', 'test_data/r202.txt', 'test_data/rc105.txt', 'test_data/rc148.txt', 'test_data/rc207.txt']
----------------------------------------------------------------------------------------------------
File: c108.txt
O = 3873.680602183477
O* so far: 3873.680602183477
O* = 1459.1362945332062
All served? True
Everything satisfied? True
----- PERFORMANCE -----
GLS took 117.00962376594543 seconds
----------------------------------------------------------------------------------------------------
----------------------------------------------------------------------------------------------------
File: c203.txt
O = 2866.6771252721005
O* so far: 2866.6771252721005
O* = 1308.5981955995524
All served? True
Everything satisfied? True
----- PERFORMANCE -----
GLS took 104.89490246772766 seconds
----------------------------------------------------------------------------------------------------
----------------------------------------------------------------------------------------------------
File: c249.txt
O = 34502.93660798192
O* so far: 34502.93660798192
O* = 7296.053050704051
All served? True
Everything satisfied? True
----- PERFORMANCE -----
GLS took 7060.360812664032 seconds
----------------------------------------------------------------------------------------------------