['test_data/rc148.txt', 'test_data/rc207.txt', 'test_data/c266.txt']
----------------------------------------------------------------------------------------------------
File: rc148.txt
O = 25561.70817065275
O* so far: 25561.70817065275
O* = 12495.243798534111
All served? True
Everything satisfied? True
----- PERFORMANCE -----
GLS took 1171.8504016399384 seconds
----------------------------------------------------------------------------------------------------
----------------------------------------------------------------------------------------------------
File: rc207.txt
O = 4149.538580271357
O* so far: 4149.538580271357
O* = 1564.7882838505448
All served? True
Everything satisfied? True
----- PERFORMANCE -----
GLS took 22.310604333877563 seconds
----------------------------------------------------------------------------------------------------
----------------------------------------------------------------------------------------------------
File: c266.txt
O = 76666.33746345196
O* so far: 76666.33746345196
- Timeout reached -
O* = 20048.21933978335
All served? True
Everything satisfied? True
----- PERFORMANCE -----
GLS took 3951.9145352840424 seconds
----------------------------------------------------------------------------------------------------
