['test_data/rc148.txt', 'test_data/rc207.txt', 'test_data/c266.txt']
----------------------------------------------------------------------------------------------------
File: rc148.txt
O = 25561.70817065275
O* so far: 25561.70817065275
- Timeout reached -
O* = 11772.6758302485
All served? True
Everything satisfied? True
----- PERFORMANCE -----
ILS took 3708.7360258102417 seconds
----------------------------------------------------------------------------------------------------
----------------------------------------------------------------------------------------------------
File: rc207.txt
O = 4149.538580271357
O* so far: 4149.538580271357
O* = 1253.16716455499
All served? True
Everything satisfied? True
----- PERFORMANCE -----
ILS took 225.0968770980835 seconds
----------------------------------------------------------------------------------------------------
----------------------------------------------------------------------------------------------------
File: c266.txt
O = 76666.33746345196
O* so far: 76666.33746345196
- Timeout reached -
O* = 20075.481182928615
All served? True
Everything satisfied? True
----- PERFORMANCE -----
ILS took 3897.7146379947662 seconds
----------------------------------------------------------------------------------------------------
