['test_data/c108.txt', 'test_data/c203.txt', 'test_data/c249.txt', 'test_data/c266.txt', 'test_data/r146.txt', 'test_data/r168.txt', 'test_data/r202.txt', 'test_data/rc105.txt', 'test_data/rc148.txt', 'test_data/rc207.txt']
----------------------------------------------------------------------------------------------------
File: c108.txt
O = 3873.680602183477
O* so far: 3873.680602183477
O* = 1281.26690223255
All served? True
Everything satisfied? True
----- PERFORMANCE -----
ILS took 101.15122127532959 seconds
----------------------------------------------------------------------------------------------------
----------------------------------------------------------------------------------------------------
File: c203.txt
O = 2866.6771252721005
O* so far: 2866.6771252721005
O* = 1159.8251435351272
All served? True
Everything satisfied? True
----- PERFORMANCE -----
ILS took 49.14868950843811 seconds
----------------------------------------------------------------------------------------------------
----------------------------------------------------------------------------------------------------
File: c249.txt
O = 34502.93660798192
O* so far: 34502.93660798192
O* = 6976.876608285762
All served? True
Everything satisfied? True
----- PERFORMANCE -----
ILS took 3781.8708503246307 seconds
----------------------------------------------------------------------------------------------------